<?xml version="1.0" encoding="UTF-8"?>
<testng-results ignored="0" total="2" passed="1" failed="1" skipped="0">
  <reporter-output>
  </reporter-output>
  <suite started-at="2021-06-06T17:15:43 CEST" name="Default suite" finished-at="2021-06-06T17:15:56 CEST" duration-ms="13072">
    <groups>
    </groups>
    <test started-at="2021-06-06T17:15:43 CEST" name="Default test" finished-at="2021-06-06T17:15:56 CEST" duration-ms="13072">
      <class name="com.eclipsetestNG.SoftAssertTest">
        <test-method is-config="true" signature="setUp()[pri:0, instance:com.eclipsetestNG.SoftAssertTest@5f683daf]" started-at="2021-06-06T17:15:43 CEST" name="setUp" finished-at="2021-06-06T17:15:50 CEST" duration-ms="6465" status="PASS">
          <reporter-output>
          </reporter-output>
        </test-method> <!-- setUp -->
        <test-method signature="hardAssertTest()[pri:0, instance:com.eclipsetestNG.SoftAssertTest@5f683daf]" started-at="2021-06-06T17:15:50 CEST" name="hardAssertTest" finished-at="2021-06-06T17:15:50 CEST" duration-ms="483" status="PASS">
          <reporter-output>
          </reporter-output>
        </test-method> <!-- hardAssertTest -->
        <test-method is-config="true" signature="setUp()[pri:0, instance:com.eclipsetestNG.SoftAssertTest@5f683daf]" started-at="2021-06-06T17:15:50 CEST" name="setUp" finished-at="2021-06-06T17:15:55 CEST" duration-ms="5052" status="PASS">
          <reporter-output>
          </reporter-output>
        </test-method> <!-- setUp -->
        <test-method signature="softAssertionTest()[pri:0, instance:com.eclipsetestNG.SoftAssertTest@5f683daf]" started-at="2021-06-06T17:15:55 CEST" name="softAssertionTest" finished-at="2021-06-06T17:15:56 CEST" duration-ms="969" status="FAIL">
          <exception class="java.lang.AssertionError">
            <message>
              <![CDATA[The following asserts failed:
expected [gmail] but found [Gmail],
expected [sign in] but found [Sign in]]]>
            </message>
            <full-stacktrace>
              <![CDATA[java.lang.AssertionError: The following asserts failed:
expected [gmail] but found [Gmail],
expected [sign in] but found [Sign in]
at org.testng.asserts.SoftAssert.assertAll(SoftAssert.java:47)
at org.testng.asserts.SoftAssert.assertAll(SoftAssert.java:31)
at com.eclipsetestNG.SoftAssertTest.softAssertionTest(SoftAssertTest.java:82)
at java.base/jdk.internal.reflect.NativeMethodAccessorImpl.invoke0(Native Method)
at java.base/jdk.internal.reflect.NativeMethodAccessorImpl.invoke(NativeMethodAccessorImpl.java:64)
at java.base/jdk.internal.reflect.DelegatingMethodAccessorImpl.invoke(DelegatingMethodAccessorImpl.java:43)
at java.base/java.lang.reflect.Method.invoke(Method.java:564)
at org.testng.internal.MethodInvocationHelper.invokeMethod(MethodInvocationHelper.java:133)
at org.testng.internal.TestInvoker.invokeMethod(TestInvoker.java:584)
at org.testng.internal.TestInvoker.invokeTestMethod(TestInvoker.java:172)
at org.testng.internal.MethodRunner.runInSequence(MethodRunner.java:46)
at org.testng.internal.TestInvoker$MethodInvocationAgent.invoke(TestInvoker.java:804)
at org.testng.internal.TestInvoker.invokeTestMethods(TestInvoker.java:145)
at org.testng.internal.TestMethodWorker.invokeTestMethods(TestMethodWorker.java:146)
at org.testng.internal.TestMethodWorker.run(TestMethodWorker.java:128)
at java.base/java.util.ArrayList.forEach(ArrayList.java:1511)
at org.testng.TestRunner.privateRun(TestRunner.java:770)
at org.testng.TestRunner.run(TestRunner.java:591)
at org.testng.SuiteRunner.runTest(SuiteRunner.java:402)
at org.testng.SuiteRunner.runSequentially(SuiteRunner.java:396)
at org.testng.SuiteRunner.privateRun(SuiteRunner.java:355)
at org.testng.SuiteRunner.run(SuiteRunner.java:304)
at org.testng.SuiteRunnerWorker.runSuite(SuiteRunnerWorker.java:53)
at org.testng.SuiteRunnerWorker.run(SuiteRunnerWorker.java:96)
at org.testng.TestNG.runSuitesSequentially(TestNG.java:1180)
at org.testng.TestNG.runSuitesLocally(TestNG.java:1102)
at org.testng.TestNG.runSuites(TestNG.java:1032)
at org.testng.TestNG.run(TestNG.java:1000)
at org.testng.remote.AbstractRemoteTestNG.run(AbstractRemoteTestNG.java:115)
at org.testng.remote.RemoteTestNG.initAndRun(RemoteTestNG.java:251)
at org.testng.remote.RemoteTestNG.main(RemoteTestNG.java:77)
]]>
            </full-stacktrace>
          </exception> <!-- java.lang.AssertionError -->
          <reporter-output>
          </reporter-output>
        </test-method> <!-- softAssertionTest -->
      </class> <!-- com.eclipsetestNG.SoftAssertTest -->
    </test> <!-- Default test -->
  </suite> <!-- Default suite -->
</testng-results>
